<?xml version="1.0" encoding="UTF-8"?>
<!-- Generated by org.testng.reporters.JUnitReportReporter -->
<testsuite skipped="0" hostname="DESKTOP-BLT0OB3" name="Selenium.CAB_Movesync.Title" tests="1" failures="0" timestamp="02 Apr 2019 13:48:24 GMT" time="0.030" errors="0">
  <testcase name="login" time="0.030" classname="Selenium.CAB_Movesync.Title"/>
</testsuite> <!-- Selenium.CAB_Movesync.Title -->
