<?xml version="1.0" encoding="UTF-8"?>
<!-- Generated by org.testng.reporters.JUnitReportReporter -->
<testsuite skipped="0" hostname="DESKTOP-BLT0OB3" name="Selenium.CAB_Movesync.lanuch_CAB" tests="1" failures="0" timestamp="03 Apr 2019 14:45:39 GMT" time="1.293" errors="0">
  <testcase name="testdata" time="1.293" classname="Selenium.CAB_Movesync.lanuch_CAB"/>
</testsuite> <!-- Selenium.CAB_Movesync.lanuch_CAB -->
